[2022-07-08 12:36:29,738: INFO   ] Starting Celery service ...
[2022-07-08 12:36:29,738: INFO   ] cwd: C:\inetpub\sites\edu-dev.coko38.ru\edu
[2022-07-08 12:36:41,343: INFO   ] Starting Celery service ...
[2022-07-08 12:36:41,343: INFO   ] cwd: C:\inetpub\sites\edu-dev.coko38.ru\edu
[2022-07-08 12:37:10,603: INFO   ] Starting Celery service ...
[2022-07-08 12:37:10,603: INFO   ] cwd: C:\inetpub\sites\edu-dev.coko38.ru\edu
[2022-07-08 12:38:25,120: INFO   ] Starting Celery service ...
[2022-07-08 12:38:25,120: INFO   ] cwd: C:\inetpub\sites\edu-dev.coko38.ru\edu
[2022-07-08 12:38:33,436: INFO   ] Starting Celery service ...
[2022-07-08 12:38:33,436: INFO   ] cwd: C:\inetpub\sites\edu-dev.coko38.ru\edu
[2022-07-08 12:38:37,409: INFO   ] Starting Celery service ...
[2022-07-08 12:38:37,409: INFO   ] cwd: C:\inetpub\sites\edu-dev.coko38.ru\edu
[2022-07-08 12:39:34,423: INFO   ] Starting Celery service ...
[2022-07-08 12:39:34,423: INFO   ] cwd: C:\inetpub\sites\edu-dev.coko38.ru\edu
[2022-07-08 12:40:30,422: INFO   ] Starting Celery service ...
[2022-07-08 12:40:30,422: INFO   ] path:C:\inetpub\sites\edu-dev.coko38.ru\edu
[2022-07-08 12:40:30,422: INFO   ] cwd: C:\inetpub\sites\edu-dev.coko38.ru\edu
[2022-07-08 12:40:32,766: INFO   ] Starting Celery service ...
[2022-07-08 12:40:32,766: INFO   ] path:C:\inetpub\sites\edu-dev.coko38.ru\edu
[2022-07-08 12:40:32,766: INFO   ] cwd: C:\inetpub\sites\edu-dev.coko38.ru\edu
[2022-07-08 12:40:56,572: INFO   ] Starting Celery service ...
[2022-07-08 12:40:56,572: INFO   ] path:C:\inetpub\sites\edu-dev.coko38.ru\edu
[2022-07-08 12:40:56,572: INFO   ] cwd: C:\inetpub\sites\edu-dev.coko38.ru\edu
[2022-07-08 12:41:30,651: INFO   ] Starting ABOBA service ...
[2022-07-08 12:41:30,651: INFO   ] path:C:\inetpub\sites\edu-dev.coko38.ru\edu
[2022-07-08 12:41:30,651: INFO   ] cwd: C:\inetpub\sites\edu-dev.coko38.ru\edu
[2022-07-08 12:43:04,465: INFO   ] Starting Celery service ...
[2022-07-08 12:43:04,465: INFO   ] path:C:\inetpub\sites\edu-dev.coko38.ru\edu
[2022-07-08 12:43:04,465: INFO   ] cwd: C:\inetpub\sites\edu-dev.coko38.ru\edu
[2022-07-08 12:43:45,149: INFO   ] Starting Celery service ...
[2022-07-08 12:43:45,149: INFO   ] path:C:\inetpub\sites\edu-dev.coko38.ru\edu
[2022-07-08 12:43:45,149: INFO   ] cwd: C:\inetpub\sites\edu-dev.coko38.ru\edu
[2022-07-08 12:45:51,390: INFO   ] Starting Celery service ...
[2022-07-08 12:45:51,390: INFO   ] AMOGUS
[2022-07-08 12:45:51,390: INFO   ] cwd: C:\inetpub\sites\edu-dev.coko38.ru\edu
[2022-07-08 12:47:53,299: INFO   ] Starting Celery service ...
[2022-07-08 12:47:53,299: INFO   ] AMOGUS
[2022-07-08 12:47:53,299: INFO   ] cwd: C:\inetpub\sites\edu-dev.coko38.ru\edu
[2022-07-08 12:48:03,347: INFO   ] Starting Celery service ...
[2022-07-08 12:48:03,347: INFO   ] AMOGUS
[2022-07-08 12:48:03,347: INFO   ] cwd: C:\inetpub\sites\edu-dev.coko38.ru\edu
[2022-07-08 12:49:05,290: INFO   ] AMOGUS
[2022-07-08 12:49:05,290: INFO   ] Starting Celery service ...
[2022-07-08 12:49:05,290: INFO   ] cwd: C:\inetpub\sites\edu-dev.coko38.ru\edu
[2022-07-08 12:49:19,425: INFO   ] AMOGUS
[2022-07-08 12:49:19,425: INFO   ] Starting Celery service ...
[2022-07-08 12:49:19,425: INFO   ] cwd: C:\inetpub\sites\edu-dev.coko38.ru\edu
[2022-07-08 12:49:54,776: INFO   ] AMOGUS
[2022-07-08 12:49:54,776: INFO   ] Starting Celery service ...
[2022-07-08 12:49:54,776: INFO   ] cwd: C:\inetpub\sites\edu-dev.coko38.ru\edu
[2022-07-08 12:52:05,520: INFO   ] AMOGUS
[2022-07-08 12:52:05,520: INFO   ] cwd: C:\inetpub\sites\edu-dev.coko38.ru\edu
[2022-07-08 12:52:46,441: INFO   ] AMOGUS
[2022-07-08 12:52:46,441: INFO   ] cwd: C:\inetpub\sites\edu-dev.coko38.ru\edu
[2022-07-08 12:58:03,515: INFO   ] AMOGUS
[2022-07-08 12:58:03,531: INFO   ] cwd: C:\inetpub\sites\edu-dev.coko38.ru\edu
[2022-07-08 13:00:09,861: INFO   ] AMOGUS
[2022-07-08 13:00:09,876: INFO   ] cwd: C:\inetpub\sites\edu-dev.coko38.ru\edu
[2022-07-08 13:00:23,413: INFO   ] AMOGUS
[2022-07-08 13:00:23,413: INFO   ] cwd: C:\inetpub\sites\edu-dev.coko38.ru\edu
[2022-07-08 13:02:14,208: INFO   ] Starting Celery service ...
[2022-07-08 13:02:14,208: INFO   ] cwd: C:\inetpub\sites\edu-dev.coko38.ru\edu
[2022-07-08 13:02:23,109: INFO   ] Starting Celery service ...
[2022-07-08 13:02:23,109: INFO   ] cwd: C:\inetpub\sites\edu-dev.coko38.ru\edu
[2022-07-08 13:03:32,317: INFO   ] Starting Celery service ...
[2022-07-08 13:03:32,317: INFO   ] cwd: C:\inetpub\sites\edu-dev.coko38.ru\edu
[2022-07-08 13:04:35,831: INFO   ] Starting Celery service ...
[2022-07-08 13:04:35,847: INFO   ] cwd: C:\inetpub\sites\edu-dev.coko38.ru\edu
[2022-07-08 13:04:35,847: INFO   ] command: "C:\inetpub\sites\edu-dev.coko38.ru\venv\Scripts\celery.exe" -A config worker -f "C:\inetpub\sites\edu-dev.coko38.ru\edu\celery.log" -l info --pool=solo
[2022-07-08 13:04:35,940: INFO   ] pid: 7144
[2022-07-08 13:06:07,937: INFO   ] Stopping Celery service ...
[2022-07-08 13:06:36,605: INFO   ] Starting Celery service ...
[2022-07-08 13:06:36,605: INFO   ] cwd: C:\inetpub\sites\edu-dev.coko38.ru\edu
[2022-07-08 13:06:36,605: INFO   ] command: "C:\inetpub\sites\edu-dev.coko38.ru\venv\Scripts\celery.exe" -A config worker -f "C:\inetpub\sites\edu-dev.coko38.ru\edu\celery.log" -l info --pool=solo
[2022-07-08 13:06:36,621: INFO   ] pid: 5156
[2022-07-08 13:07:38,745: INFO   ] Stopping Celery service ...
[2022-07-08 13:09:17,418: INFO   ] Starting Celery service ...
[2022-07-08 13:09:17,418: INFO   ] cwd: C:\inetpub\sites\edu-dev.coko38.ru\edu
[2022-07-08 13:09:17,418: INFO   ] command: "C:\inetpub\sites\edu-dev.coko38.ru\venv\Scripts\celery.exe" -A config worker -f "C:\inetpub\sites\edu-dev.coko38.ru\edu\celery.log" -l info -P eventlet
[2022-07-08 13:09:17,449: INFO   ] pid: 3376
[2022-07-08 13:11:28,821: INFO   ] Stopping Celery service ...
[2022-07-08 13:11:34,816: INFO   ] Starting Celery service ...
[2022-07-08 13:11:34,816: INFO   ] cwd: C:\inetpub\sites\edu-dev.coko38.ru\edu
[2022-07-08 13:11:34,816: INFO   ] command: "C:\inetpub\sites\edu-dev.coko38.ru\venv\Scripts\celery.exe" -A config worker -f "C:\inetpub\sites\edu-dev.coko38.ru\edu\celery.log" -l info -P eventlet
[2022-07-08 13:11:34,847: INFO   ] pid: 8800
[2022-07-08 13:14:46,241: INFO   ] Stopping Celery service ...
[2022-07-08 13:14:54,433: INFO   ] Starting Celery service ...
[2022-07-08 13:14:54,433: INFO   ] cwd: C:\inetpub\sites\edu-dev.coko38.ru\edu
[2022-07-08 13:14:54,433: INFO   ] command: "C:\inetpub\sites\edu-dev.coko38.ru\venv\Scripts\celery.exe" -A config worker -f "C:\inetpub\sites\edu-dev.coko38.ru\edu\celery.log" -l info -P eventlet
[2022-07-08 13:14:54,448: INFO   ] pid: 1904
[2022-07-08 13:21:45,247: INFO   ] Stopping Celery service ...
[2022-07-08 13:23:12,337: INFO   ] Starting Celery Worker service ...
[2022-07-08 13:23:12,337: INFO   ] cwd: C:\inetpub\sites\edu-dev.coko38.ru\edu
[2022-07-08 13:23:12,337: INFO   ] command: "C:\inetpub\sites\edu-dev.coko38.ru\venv\Scripts\celery.exe" -A config worker -f "C:\inetpub\sites\edu-dev.coko38.ru\edu\celery.log" -l info -P eventlet
[2022-07-08 13:23:12,368: INFO   ] pid: 8508
[2022-07-08 13:23:29,205: INFO   ] Starting Celery Beat service ...
[2022-07-08 13:23:29,205: INFO   ] cwd: C:\inetpub\sites\edu-dev.coko38.ru\edu
[2022-07-08 13:23:29,205: INFO   ] command: "C:\inetpub\sites\edu-dev.coko38.ru\venv\Scripts\celery.exe" -A config beat -l info
[2022-07-08 13:23:29,236: INFO   ] pid: 3188
[2022-07-08 13:24:08,490: INFO   ] Stopping Celery Beat service ...
[2022-07-08 13:24:13,950: INFO   ] Stopping Celery Worker service ...
[2022-07-08 13:26:00,691: INFO   ] Starting Celery Worker service ...
[2022-07-08 13:26:00,691: INFO   ] cwd: C:\inetpub\sites\edu-dev.coko38.ru\edu
[2022-07-08 13:26:00,691: INFO   ] command: "C:\inetpub\sites\edu-dev.coko38.ru\venv\Scripts\celery.exe" -A config worker -f "C:\inetpub\sites\edu-dev.coko38.ru\edu\celery.log" -l info -P eventlet
[2022-07-08 13:26:00,722: INFO   ] pid: 9212
[2022-07-08 13:27:17,481: INFO   ] Stopping Celery Worker service ...
[2022-07-08 13:27:23,221: INFO   ] Starting Celery Beat service ...
[2022-07-08 13:27:23,221: INFO   ] cwd: C:\inetpub\sites\edu-dev.coko38.ru\edu
[2022-07-08 13:27:23,221: INFO   ] command: "C:\inetpub\sites\edu-dev.coko38.ru\venv\Scripts\celery.exe" -A config beat -l info
[2022-07-08 13:27:23,253: INFO   ] pid: 8948
[2022-07-08 13:27:37,128: INFO   ] Starting Celery Worker service ...
[2022-07-08 13:27:37,128: INFO   ] cwd: C:\inetpub\sites\edu-dev.coko38.ru\edu
[2022-07-08 13:27:37,128: INFO   ] command: "C:\inetpub\sites\edu-dev.coko38.ru\venv\Scripts\celery.exe" -A config worker -f "C:\inetpub\sites\edu-dev.coko38.ru\edu\celery.log" -l info -P eventlet
[2022-07-08 13:27:37,144: INFO   ] pid: 6884
[2022-07-08 13:28:45,061: INFO   ] Stopping Celery Beat service ...
[2022-07-08 13:28:50,131: INFO   ] Starting Celery Beat service ...
[2022-07-08 13:28:50,131: INFO   ] cwd: C:\inetpub\sites\edu-dev.coko38.ru\edu
[2022-07-08 13:28:50,131: INFO   ] command: "C:\inetpub\sites\edu-dev.coko38.ru\venv\Scripts\celery.exe" -A config beat -l info
[2022-07-08 13:28:50,146: INFO   ] pid: 3568
[2022-07-08 13:31:28,544: INFO   ] Stopping Celery Worker service ...
[2022-07-08 13:31:34,469: INFO   ] Stopping Celery Beat service ...
[2022-07-08 13:37:41,723: INFO   ] Starting Celery Beat service ...
[2022-07-08 13:37:41,723: INFO   ] cwd: C:\inetpub\sites\edu-dev.coko38.ru\edu
[2022-07-08 13:37:41,723: INFO   ] command: "C:\inetpub\sites\edu-dev.coko38.ru\venv\Scripts\celery.exe" -A config beat -l info
[2022-07-08 13:37:41,879: INFO   ] pid: 6740
[2022-07-08 13:41:20,907: INFO   ] Starting Celery Worker service ...
[2022-07-08 13:41:20,907: INFO   ] cwd: C:\inetpub\sites\edu-dev.coko38.ru\edu
[2022-07-08 13:41:20,907: INFO   ] command: "C:\inetpub\sites\edu-dev.coko38.ru\venv\Scripts\celery.exe" -A config worker -f "C:\inetpub\sites\edu-dev.coko38.ru\edu\celery.log" -l info -P eventlet
[2022-07-08 13:41:20,923: INFO   ] pid: 8624
[2022-07-08 13:48:47,870: INFO   ] Starting Celery Worker service ...
[2022-07-08 13:48:47,870: INFO   ] cwd: C:\inetpub\sites\edu-dev.coko38.ru\edu
[2022-07-08 13:48:47,870: INFO   ] command: "C:\inetpub\sites\edu-dev.coko38.ru\venv\Scripts\celery.exe" -A config worker -f "C:\inetpub\sites\edu-dev.coko38.ru\edu\celery.log" -l info -P eventlet
[2022-07-08 13:48:47,982: INFO   ] pid: 1952
[2022-07-08 13:48:56,512: INFO   ] Starting Celery Beat service ...
[2022-07-08 13:48:56,512: INFO   ] cwd: C:\inetpub\sites\edu-dev.coko38.ru\edu
[2022-07-08 13:48:56,512: INFO   ] command: "C:\inetpub\sites\edu-dev.coko38.ru\venv\Scripts\celery.exe" -A config beat -l info
[2022-07-08 13:48:56,527: INFO   ] pid: 1988
[2022-07-08 13:56:11,905: INFO   ] Starting Celery Beat service ...
[2022-07-08 13:56:11,905: INFO   ] cwd: C:\inetpub\sites\edu-dev.coko38.ru\edu
[2022-07-08 13:56:11,905: INFO   ] command: "C:\inetpub\sites\edu-dev.coko38.ru\venv\Scripts\celery.exe" -A config beat -l info --pidfile=
[2022-07-08 13:56:11,920: INFO   ] pid: 6644
[2022-07-08 13:57:10,375: INFO   ] Starting Celery Worker service ...
[2022-07-08 13:57:10,375: INFO   ] cwd: C:\inetpub\sites\edu-dev.coko38.ru\edu
[2022-07-08 13:57:10,375: INFO   ] command: "C:\inetpub\sites\edu-dev.coko38.ru\venv\Scripts\celery.exe" -A config worker -f "C:\inetpub\sites\edu-dev.coko38.ru\edu\celery.log" -l info -P eventlet
[2022-07-08 13:57:10,453: INFO   ] pid: 10744
[2022-07-11 13:05:57,490: INFO   ] Stopping Celery Worker service ...
[2022-07-11 13:05:59,182: INFO   ] Stopping Celery Beat service ...
[2022-07-11 13:06:13,887: INFO   ] Starting Celery Beat service ...
[2022-07-11 13:06:13,887: INFO   ] cwd: C:\inetpub\sites\edu-dev.coko38.ru\edu
[2022-07-11 13:06:13,887: INFO   ] command: "C:\inetpub\sites\edu-dev.coko38.ru\venv\Scripts\celery.exe" -A config beat -l info --pidfile=
[2022-07-11 13:06:13,902: INFO   ] pid: 1128
[2022-07-11 13:06:36,002: INFO   ] Stopping Celery Beat service ...
[2022-07-11 13:07:44,364: INFO   ] Starting Celery Beat service ...
[2022-07-11 13:07:44,364: INFO   ] cwd: C:\inetpub\sites\edu-dev.coko38.ru\edu
[2022-07-11 13:07:44,364: INFO   ] command: "C:\inetpub\sites\edu-dev.coko38.ru\venv\Scripts\celery.exe" -A config beat -l info --pidfile=
[2022-07-11 13:07:44,379: INFO   ] pid: 8872
[2022-07-11 13:07:54,570: INFO   ] Starting Celery Worker service ...
[2022-07-11 13:07:54,570: INFO   ] cwd: C:\inetpub\sites\edu-dev.coko38.ru\edu
[2022-07-11 13:07:54,570: INFO   ] command: "C:\inetpub\sites\edu-dev.coko38.ru\venv\Scripts\celery.exe" -A config worker -f "C:\inetpub\sites\edu-dev.coko38.ru\edu\celery.log" -l info -P eventlet
[2022-07-11 13:07:54,586: INFO   ] pid: 1564
[2022-07-11 13:10:39,322: INFO   ] Stopping Celery Beat service ...
[2022-07-11 13:10:41,313: INFO   ] Stopping Celery Worker service ...
[2022-07-11 13:11:20,617: INFO   ] Starting Celery Beat service ...
[2022-07-11 13:11:20,617: INFO   ] cwd: C:\inetpub\sites\edu-dev.coko38.ru\edu
[2022-07-11 13:11:20,617: INFO   ] command: "C:\inetpub\sites\edu-dev.coko38.ru\venv\Scripts\celery.exe" -A config beat -l info --pidfile=
[2022-07-11 13:11:20,648: INFO   ] pid: 9884
[2022-07-11 13:11:26,432: INFO   ] Starting Celery Worker service ...
[2022-07-11 13:11:26,432: INFO   ] cwd: C:\inetpub\sites\edu-dev.coko38.ru\edu
[2022-07-11 13:11:26,432: INFO   ] command: "C:\inetpub\sites\edu-dev.coko38.ru\venv\Scripts\celery.exe" -A config worker -f "C:\inetpub\sites\edu-dev.coko38.ru\edu\celery.log" -l info -P eventlet
[2022-07-11 13:11:26,448: INFO   ] pid: 10060
[2022-07-13 11:08:24,711: INFO   ] Starting Celery Beat service ...
[2022-07-13 11:08:24,711: INFO   ] cwd: C:\inetpub\sites\edu-dev.coko38.ru\edu
[2022-07-13 11:08:24,711: INFO   ] command: "C:\inetpub\sites\edu-dev.coko38.ru\venv\Scripts\celery.exe" -A config beat -l info --pidfile=
[2022-07-13 11:08:24,867: INFO   ] pid: 6760
[2022-07-13 11:15:21,535: INFO   ] Starting Celery Beat service ...
[2022-07-13 11:15:21,551: INFO   ] cwd: C:\inetpub\sites\edu-dev.coko38.ru\edu
[2022-07-13 11:15:21,551: INFO   ] command: "C:\inetpub\sites\edu-dev.coko38.ru\venv\Scripts\celery.exe" -A config beat -l info --pidfile=
[2022-07-13 11:15:21,645: INFO   ] pid: 9080
[2022-07-13 11:16:10,539: INFO   ] Starting Celery Worker service ...
[2022-07-13 11:16:10,539: INFO   ] cwd: C:\inetpub\sites\edu-dev.coko38.ru\edu
[2022-07-13 11:16:10,539: INFO   ] command: "C:\inetpub\sites\edu-dev.coko38.ru\venv\Scripts\celery.exe" -A config worker -f "C:\inetpub\sites\edu-dev.coko38.ru\edu\celery.log" -l info -P eventlet
[2022-07-13 11:16:10,556: INFO   ] pid: 9452
[2022-07-13 11:45:06,690: INFO   ] Starting Celery Beat service ...
[2022-07-13 11:45:06,690: INFO   ] cwd: C:\inetpub\sites\edu-dev.coko38.ru\edu
[2022-07-13 11:45:06,690: INFO   ] command: "C:\inetpub\sites\edu-dev.coko38.ru\venv\Scripts\celery.exe" -A config beat -l info --pidfile=
[2022-07-13 11:45:06,706: INFO   ] pid: 6512
[2022-07-13 11:46:05,516: INFO   ] Starting Celery Worker service ...
[2022-07-13 11:46:05,516: INFO   ] cwd: C:\inetpub\sites\edu-dev.coko38.ru\edu
[2022-07-13 11:46:05,517: INFO   ] command: "C:\inetpub\sites\edu-dev.coko38.ru\venv\Scripts\celery.exe" -A config worker -f "C:\inetpub\sites\edu-dev.coko38.ru\edu\celery.log" -l info -P eventlet
[2022-07-13 11:46:05,598: INFO   ] pid: 3548
[2022-07-13 12:49:12,077: INFO   ] Starting Celery Beat service ...
[2022-07-13 12:49:12,077: INFO   ] cwd: C:\inetpub\sites\edu-dev.coko38.ru\edu
[2022-07-13 12:49:12,077: INFO   ] command: "C:\inetpub\sites\edu-dev.coko38.ru\venv\Scripts\celery.exe" -A config beat -l info --pidfile=
[2022-07-13 12:49:12,249: INFO   ] pid: 6744
[2022-07-13 12:49:23,605: INFO   ] Starting Celery Worker service ...
[2022-07-13 12:49:23,605: INFO   ] cwd: C:\inetpub\sites\edu-dev.coko38.ru\edu
[2022-07-13 12:49:23,605: INFO   ] command: "C:\inetpub\sites\edu-dev.coko38.ru\venv\Scripts\celery.exe" -A config worker -f "C:\inetpub\sites\edu-dev.coko38.ru\edu\celery.log" -l info -P eventlet
[2022-07-13 12:49:23,620: INFO   ] pid: 6952
[2022-07-17 18:31:03,771: INFO   ] Starting Celery Beat service ...
[2022-07-17 18:31:03,771: INFO   ] cwd: C:\inetpub\sites\edu-dev.coko38.ru\edu
[2022-07-17 18:31:03,771: INFO   ] command: "C:\inetpub\sites\edu-dev.coko38.ru\venv\Scripts\celery.exe" -A config beat -l info --pidfile=
[2022-07-17 18:31:03,958: INFO   ] pid: 6676
[2022-07-17 18:31:13,486: INFO   ] Starting Celery Worker service ...
[2022-07-17 18:31:13,486: INFO   ] cwd: C:\inetpub\sites\edu-dev.coko38.ru\edu
[2022-07-17 18:31:13,486: INFO   ] command: "C:\inetpub\sites\edu-dev.coko38.ru\venv\Scripts\celery.exe" -A config worker -f "C:\inetpub\sites\edu-dev.coko38.ru\edu\celery.log" -l info -P eventlet
[2022-07-17 18:31:13,502: INFO   ] pid: 6904
[2022-07-17 20:41:40,254: INFO   ] Stopping Celery Beat service ...
[2022-07-17 20:41:42,989: INFO   ] Stopping Celery Worker service ...
[2022-07-17 20:43:15,333: INFO   ] Starting Celery Beat service ...
[2022-07-17 20:43:15,333: INFO   ] cwd: C:\inetpub\sites\edu-dev.coko38.ru\edu
[2022-07-17 20:43:15,333: INFO   ] command: "C:\inetpub\sites\edu-dev.coko38.ru\venv\Scripts\celery.exe" -A config beat -l info --pidfile=
[2022-07-17 20:43:15,489: INFO   ] pid: 6464
[2022-07-17 20:43:24,599: INFO   ] Starting Celery Worker service ...
[2022-07-17 20:43:24,599: INFO   ] cwd: C:\inetpub\sites\edu-dev.coko38.ru\edu
[2022-07-17 20:43:24,599: INFO   ] command: "C:\inetpub\sites\edu-dev.coko38.ru\venv\Scripts\celery.exe" -A config worker -f "C:\inetpub\sites\edu-dev.coko38.ru\edu\celery.log" -l info -P eventlet
[2022-07-17 20:43:24,614: INFO   ] pid: 5668
[2022-07-17 20:55:56,077: INFO   ] Starting Celery Beat service ...
[2022-07-17 20:55:56,077: INFO   ] cwd: C:\inetpub\sites\edu-dev.coko38.ru\edu
[2022-07-17 20:55:56,077: INFO   ] command: "C:\inetpub\sites\edu-dev.coko38.ru\venv\Scripts\celery.exe" -A config beat -l info --pidfile=
[2022-07-17 20:55:56,218: INFO   ] pid: 6432
[2022-07-17 21:03:44,903: INFO   ] Starting Celery Beat service ...
[2022-07-17 21:03:44,903: INFO   ] cwd: C:\inetpub\sites\edu-dev.coko38.ru\edu
[2022-07-17 21:03:44,903: INFO   ] command: "C:\inetpub\sites\edu-dev.coko38.ru\venv\Scripts\celery.exe" -A config beat -l info --pidfile=
[2022-07-17 21:03:45,059: INFO   ] pid: 6464
[2022-07-17 21:03:54,562: INFO   ] Starting Celery Worker service ...
[2022-07-17 21:03:54,562: INFO   ] cwd: C:\inetpub\sites\edu-dev.coko38.ru\edu
[2022-07-17 21:03:54,562: INFO   ] command: "C:\inetpub\sites\edu-dev.coko38.ru\venv\Scripts\celery.exe" -A config worker -f "C:\inetpub\sites\edu-dev.coko38.ru\edu\celery.log" -l info -P eventlet
[2022-07-17 21:03:54,577: INFO   ] pid: 6684
[2022-07-17 21:18:44,389: INFO   ] Starting Celery Beat service ...
[2022-07-17 21:18:44,389: INFO   ] cwd: C:\inetpub\sites\edu-dev.coko38.ru\edu
[2022-07-17 21:18:44,389: INFO   ] command: "C:\inetpub\sites\edu-dev.coko38.ru\venv\Scripts\celery.exe" -A config beat -l info --pidfile=
[2022-07-17 21:18:44,529: INFO   ] pid: 6464
[2022-07-17 21:23:54,801: INFO   ] Starting Celery Worker service ...
[2022-07-17 21:23:54,801: INFO   ] cwd: C:\inetpub\sites\edu-dev.coko38.ru\edu
[2022-07-17 21:23:54,801: INFO   ] command: "C:\inetpub\sites\edu-dev.coko38.ru\venv\Scripts\celery.exe" -A config worker -f "C:\inetpub\sites\edu-dev.coko38.ru\edu\celery.log" -l info -P eventlet
[2022-07-17 21:23:54,817: INFO   ] pid: 7848
[2022-07-17 21:40:46,364: INFO   ] Starting Celery Beat service ...
[2022-07-17 21:40:46,364: INFO   ] cwd: C:\inetpub\sites\edu-dev.coko38.ru\edu
[2022-07-17 21:40:46,364: INFO   ] command: "C:\inetpub\sites\edu-dev.coko38.ru\venv\Scripts\celery.exe" -A config beat -l info --pidfile=
[2022-07-17 21:40:46,504: INFO   ] pid: 6404
[2022-07-17 21:51:02,307: INFO   ] Starting Celery Beat service ...
[2022-07-17 21:51:02,307: INFO   ] cwd: C:\inetpub\sites\edu-dev.coko38.ru\edu
[2022-07-17 21:51:02,307: INFO   ] command: "C:\inetpub\sites\edu-dev.coko38.ru\venv\Scripts\celery.exe" -A config beat -l info --pidfile=
[2022-07-17 21:51:02,479: INFO   ] pid: 6480
[2022-07-17 21:56:11,867: INFO   ] Starting Celery Beat service ...
[2022-07-17 21:56:11,867: INFO   ] cwd: C:\inetpub\sites\edu-dev.coko38.ru\edu
[2022-07-17 21:56:11,867: INFO   ] command: "C:\inetpub\sites\edu-dev.coko38.ru\venv\Scripts\celery.exe" -A config beat -l info --pidfile=
[2022-07-17 21:56:12,023: INFO   ] pid: 6472
[2022-07-17 22:01:47,002: INFO   ] Starting Celery Beat service ...
[2022-07-17 22:01:47,018: INFO   ] cwd: C:\inetpub\sites\edu-dev.coko38.ru\edu
[2022-07-17 22:01:47,018: INFO   ] command: "C:\inetpub\sites\edu-dev.coko38.ru\venv\Scripts\celery.exe" -A config beat -l info --pidfile=
[2022-07-17 22:01:47,158: INFO   ] pid: 6504
[2022-07-17 22:04:57,446: INFO   ] Starting Celery Worker service ...
[2022-07-17 22:04:57,446: INFO   ] cwd: C:\inetpub\sites\edu-dev.coko38.ru\edu
[2022-07-17 22:04:57,446: INFO   ] command: "C:\inetpub\sites\edu-dev.coko38.ru\venv\Scripts\celery.exe" -A config worker -f "C:\inetpub\sites\edu-dev.coko38.ru\edu\celery.log" -l info -P eventlet
[2022-07-17 22:04:57,462: INFO   ] pid: 7396
[2022-07-17 22:20:53,034: INFO   ] Starting Celery Beat service ...
[2022-07-17 22:20:53,034: INFO   ] cwd: C:\inetpub\sites\edu-dev.coko38.ru\edu
[2022-07-17 22:20:53,034: INFO   ] command: "C:\inetpub\sites\edu-dev.coko38.ru\venv\Scripts\celery.exe" -A config beat -l info --pidfile=
[2022-07-17 22:20:53,144: INFO   ] pid: 6936
[2022-07-17 22:21:03,941: INFO   ] Starting Celery Worker service ...
[2022-07-17 22:21:03,941: INFO   ] cwd: C:\inetpub\sites\edu-dev.coko38.ru\edu
[2022-07-17 22:21:03,941: INFO   ] command: "C:\inetpub\sites\edu-dev.coko38.ru\venv\Scripts\celery.exe" -A config worker -f "C:\inetpub\sites\edu-dev.coko38.ru\edu\celery.log" -l info -P eventlet
[2022-07-17 22:21:03,956: INFO   ] pid: 5132
[2022-07-18 08:50:41,115: INFO   ] Starting Celery Beat service ...
[2022-07-18 08:50:41,115: INFO   ] cwd: C:\inetpub\sites\edu-dev.coko38.ru\edu
[2022-07-18 08:50:41,115: INFO   ] command: "C:\inetpub\sites\edu-dev.coko38.ru\venv\Scripts\celery.exe" -A config beat -l info --pidfile=
[2022-07-18 08:50:41,224: INFO   ] pid: 5364
[2022-07-18 08:51:08,229: INFO   ] Starting Celery Worker service ...
[2022-07-18 08:51:08,229: INFO   ] cwd: C:\inetpub\sites\edu-dev.coko38.ru\edu
[2022-07-18 08:51:08,244: INFO   ] command: "C:\inetpub\sites\edu-dev.coko38.ru\venv\Scripts\celery.exe" -A config worker -f "C:\inetpub\sites\edu-dev.coko38.ru\edu\celery.log" -l info -P eventlet
[2022-07-18 08:51:08,267: INFO   ] pid: 1180
[2022-07-18 08:54:54,430: INFO   ] Starting Celery Beat service ...
[2022-07-18 08:54:54,430: INFO   ] cwd: C:\inetpub\sites\edu-dev.coko38.ru\edu
[2022-07-18 08:54:54,430: INFO   ] command: "C:\inetpub\sites\edu-dev.coko38.ru\venv\Scripts\celery.exe" -A config beat -l info --pidfile=
[2022-07-18 08:54:54,539: INFO   ] pid: 8696
[2022-07-18 08:55:03,332: INFO   ] Starting Celery Worker service ...
[2022-07-18 08:55:03,332: INFO   ] cwd: C:\inetpub\sites\edu-dev.coko38.ru\edu
[2022-07-18 08:55:03,332: INFO   ] command: "C:\inetpub\sites\edu-dev.coko38.ru\venv\Scripts\celery.exe" -A config worker -f "C:\inetpub\sites\edu-dev.coko38.ru\edu\celery.log" -l info -P eventlet
[2022-07-18 08:55:03,348: INFO   ] pid: 9172
[2022-07-18 08:56:26,537: INFO   ] Starting Celery Beat service ...
[2022-07-18 08:56:26,537: INFO   ] cwd: C:\inetpub\sites\edu-dev.coko38.ru\edu
[2022-07-18 08:56:26,537: INFO   ] command: "C:\inetpub\sites\edu-dev.coko38.ru\venv\Scripts\celery.exe" -A config beat -l info --pidfile=
[2022-07-18 08:56:26,677: INFO   ] pid: 6776
[2022-07-18 08:56:38,528: INFO   ] Starting Celery Worker service ...
[2022-07-18 08:56:38,528: INFO   ] cwd: C:\inetpub\sites\edu-dev.coko38.ru\edu
[2022-07-18 08:56:38,528: INFO   ] command: "C:\inetpub\sites\edu-dev.coko38.ru\venv\Scripts\celery.exe" -A config worker -f "C:\inetpub\sites\edu-dev.coko38.ru\edu\celery.log" -l info -P eventlet
[2022-07-18 08:56:38,559: INFO   ] pid: 7020
[2022-07-18 09:14:13,012: INFO   ] Starting Celery Beat service ...
[2022-07-18 09:14:13,012: INFO   ] cwd: C:\inetpub\sites\edu-dev.coko38.ru\edu
[2022-07-18 09:14:13,012: INFO   ] command: "C:\inetpub\sites\edu-dev.coko38.ru\venv\Scripts\celery.exe" -A config beat -l info --pidfile=
[2022-07-18 09:14:13,105: INFO   ] pid: 8760
[2022-07-18 09:22:12,952: INFO   ] Starting Celery Beat service ...
[2022-07-18 09:22:12,968: INFO   ] cwd: C:\inetpub\sites\edu-dev.coko38.ru\edu
[2022-07-18 09:22:12,968: INFO   ] command: "C:\inetpub\sites\edu-dev.coko38.ru\venv\Scripts\celery.exe" -A config beat -l info --pidfile=
[2022-07-18 09:22:13,140: INFO   ] pid: 6584
[2022-07-18 09:22:23,662: INFO   ] Starting Celery Worker service ...
[2022-07-18 09:22:23,662: INFO   ] cwd: C:\inetpub\sites\edu-dev.coko38.ru\edu
[2022-07-18 09:22:23,662: INFO   ] command: "C:\inetpub\sites\edu-dev.coko38.ru\venv\Scripts\celery.exe" -A config worker -f "C:\inetpub\sites\edu-dev.coko38.ru\edu\celery.log" -l info -P eventlet
[2022-07-18 09:22:23,694: INFO   ] pid: 5440
[2022-07-18 10:03:38,650: INFO   ] Starting Celery Beat service ...
[2022-07-18 10:03:38,650: INFO   ] cwd: C:\inetpub\sites\edu-dev.coko38.ru\edu
[2022-07-18 10:03:38,650: INFO   ] command: "C:\inetpub\sites\edu-dev.coko38.ru\venv\Scripts\celery.exe" -A config beat -l info --pidfile=
[2022-07-18 10:03:38,759: INFO   ] pid: 6840
[2022-07-18 10:03:48,087: INFO   ] Starting Celery Worker service ...
[2022-07-18 10:03:48,087: INFO   ] cwd: C:\inetpub\sites\edu-dev.coko38.ru\edu
[2022-07-18 10:03:48,087: INFO   ] command: "C:\inetpub\sites\edu-dev.coko38.ru\venv\Scripts\celery.exe" -A config worker -f "C:\inetpub\sites\edu-dev.coko38.ru\edu\celery.log" -l info -P eventlet
[2022-07-18 10:03:48,103: INFO   ] pid: 4464
[2022-07-18 10:07:18,464: INFO   ] Starting Celery Beat service ...
[2022-07-18 10:07:18,464: INFO   ] cwd: C:\inetpub\sites\edu-dev.coko38.ru\edu
[2022-07-18 10:07:18,464: INFO   ] command: "C:\inetpub\sites\edu-dev.coko38.ru\venv\Scripts\celery.exe" -A config beat -l info --pidfile=
[2022-07-18 10:07:18,620: INFO   ] pid: 6572
[2022-07-18 10:07:27,482: INFO   ] Starting Celery Worker service ...
[2022-07-18 10:07:27,482: INFO   ] cwd: C:\inetpub\sites\edu-dev.coko38.ru\edu
[2022-07-18 10:07:27,482: INFO   ] command: "C:\inetpub\sites\edu-dev.coko38.ru\venv\Scripts\celery.exe" -A config worker -f "C:\inetpub\sites\edu-dev.coko38.ru\edu\celery.log" -l info -P eventlet
[2022-07-18 10:07:27,498: INFO   ] pid: 6800
[2022-07-18 10:10:59,583: INFO   ] Starting Celery Beat service ...
[2022-07-18 10:10:59,583: INFO   ] cwd: C:\inetpub\sites\edu-dev.coko38.ru\edu
[2022-07-18 10:10:59,583: INFO   ] command: "C:\inetpub\sites\edu-dev.coko38.ru\venv\Scripts\celery.exe" -A config beat -l info --pidfile=
[2022-07-18 10:10:59,723: INFO   ] pid: 6500
[2022-07-18 10:11:09,494: INFO   ] Starting Celery Worker service ...
[2022-07-18 10:11:09,494: INFO   ] cwd: C:\inetpub\sites\edu-dev.coko38.ru\edu
[2022-07-18 10:11:09,494: INFO   ] command: "C:\inetpub\sites\edu-dev.coko38.ru\venv\Scripts\celery.exe" -A config worker -f "C:\inetpub\sites\edu-dev.coko38.ru\edu\celery.log" -l info -P eventlet
[2022-07-18 10:11:09,510: INFO   ] pid: 6716
[2022-07-18 11:02:31,840: INFO   ] Starting Celery Beat service ...
[2022-07-18 11:02:31,840: INFO   ] cwd: C:\inetpub\sites\edu-dev.coko38.ru\edu
[2022-07-18 11:02:31,840: INFO   ] command: "C:\inetpub\sites\edu-dev.coko38.ru\venv\Scripts\celery.exe" -A config beat -l info --pidfile=
[2022-07-18 11:02:32,012: INFO   ] pid: 6604
[2022-07-18 11:02:41,950: INFO   ] Starting Celery Worker service ...
[2022-07-18 11:02:41,950: INFO   ] cwd: C:\inetpub\sites\edu-dev.coko38.ru\edu
[2022-07-18 11:02:41,950: INFO   ] command: "C:\inetpub\sites\edu-dev.coko38.ru\venv\Scripts\celery.exe" -A config worker -f "C:\inetpub\sites\edu-dev.coko38.ru\edu\celery.log" -l info -P eventlet
[2022-07-18 11:02:41,965: INFO   ] pid: 7768
[2022-07-18 11:11:15,936: INFO   ] Starting Celery Beat service ...
[2022-07-18 11:11:15,936: INFO   ] cwd: C:\inetpub\sites\edu-dev.coko38.ru\edu
[2022-07-18 11:11:15,936: INFO   ] command: "C:\inetpub\sites\edu-dev.coko38.ru\venv\Scripts\celery.exe" -A config beat -l info --pidfile=
[2022-07-18 11:11:16,092: INFO   ] pid: 6468
[2022-07-18 11:11:25,509: INFO   ] Starting Celery Worker service ...
[2022-07-18 11:11:25,509: INFO   ] cwd: C:\inetpub\sites\edu-dev.coko38.ru\edu
[2022-07-18 11:11:25,509: INFO   ] command: "C:\inetpub\sites\edu-dev.coko38.ru\venv\Scripts\celery.exe" -A config worker -f "C:\inetpub\sites\edu-dev.coko38.ru\edu\celery.log" -l info -P eventlet
[2022-07-18 11:11:25,525: INFO   ] pid: 6684
[2022-07-18 11:20:12,150: INFO   ] Starting Celery Beat service ...
[2022-07-18 11:20:12,150: INFO   ] cwd: C:\inetpub\sites\edu-dev.coko38.ru\edu
[2022-07-18 11:20:12,150: INFO   ] command: "C:\inetpub\sites\edu-dev.coko38.ru\venv\Scripts\celery.exe" -A config beat -l info --pidfile=
[2022-07-18 11:20:12,260: INFO   ] pid: 9196
[2022-07-18 11:20:20,531: INFO   ] Starting Celery Worker service ...
[2022-07-18 11:20:20,532: INFO   ] cwd: C:\inetpub\sites\edu-dev.coko38.ru\edu
[2022-07-18 11:20:20,532: INFO   ] command: "C:\inetpub\sites\edu-dev.coko38.ru\venv\Scripts\celery.exe" -A config worker -f "C:\inetpub\sites\edu-dev.coko38.ru\edu\celery.log" -l info -P eventlet
[2022-07-18 11:20:20,554: INFO   ] pid: 4772
[2022-07-21 11:06:38,009: INFO   ] Starting Celery Beat service ...
[2022-07-21 11:06:38,009: INFO   ] cwd: C:\inetpub\sites\edu-dev.coko38.ru\edu
[2022-07-21 11:06:38,009: INFO   ] command: "C:\inetpub\sites\edu-dev.coko38.ru\venv\Scripts\celery.exe" -A config beat -l info --pidfile=
[2022-07-21 11:06:38,165: INFO   ] pid: 6788
[2022-07-21 11:06:47,544: INFO   ] Starting Celery Worker service ...
[2022-07-21 11:06:47,544: INFO   ] cwd: C:\inetpub\sites\edu-dev.coko38.ru\edu
[2022-07-21 11:06:47,544: INFO   ] command: "C:\inetpub\sites\edu-dev.coko38.ru\venv\Scripts\celery.exe" -A config worker -f "C:\inetpub\sites\edu-dev.coko38.ru\edu\celery.log" -l info -P eventlet
[2022-07-21 11:06:47,559: INFO   ] pid: 7108
[2022-07-22 10:52:18,345: INFO   ] Starting Celery Beat service ...
[2022-07-22 10:52:18,361: INFO   ] cwd: C:\inetpub\sites\edu-dev.coko38.ru\edu
[2022-07-22 10:52:18,361: INFO   ] command: "C:\inetpub\sites\edu-dev.coko38.ru\venv\Scripts\celery.exe" -A config beat -l info --pidfile=
[2022-07-22 10:52:18,501: INFO   ] pid: 6560
[2022-07-22 10:52:28,579: INFO   ] Starting Celery Worker service ...
[2022-07-22 10:52:28,579: INFO   ] cwd: C:\inetpub\sites\edu-dev.coko38.ru\edu
[2022-07-22 10:52:28,579: INFO   ] command: "C:\inetpub\sites\edu-dev.coko38.ru\venv\Scripts\celery.exe" -A config worker -f "C:\inetpub\sites\edu-dev.coko38.ru\edu\celery.log" -l info -P eventlet
[2022-07-22 10:52:28,595: INFO   ] pid: 6776
[2022-07-28 08:24:29,310: INFO   ] Starting Celery Beat service ...
[2022-07-28 08:24:29,310: INFO   ] cwd: C:\inetpub\sites\edu-dev.coko38.ru\edu
[2022-07-28 08:24:29,310: INFO   ] command: "C:\inetpub\sites\edu-dev.coko38.ru\venv\Scripts\celery.exe" -A config beat -l info --pidfile=
[2022-07-28 08:24:29,452: INFO   ] pid: 6724
[2022-07-28 08:24:39,521: INFO   ] Starting Celery Worker service ...
[2022-07-28 08:24:39,521: INFO   ] cwd: C:\inetpub\sites\edu-dev.coko38.ru\edu
[2022-07-28 08:24:39,521: INFO   ] command: "C:\inetpub\sites\edu-dev.coko38.ru\venv\Scripts\celery.exe" -A config worker -f "C:\inetpub\sites\edu-dev.coko38.ru\edu\celery.log" -l info -P eventlet
[2022-07-28 08:24:39,536: INFO   ] pid: 6932
[2022-07-28 08:48:41,194: INFO   ] Stopping Celery Beat service ...
[2022-07-28 08:48:43,354: INFO   ] Stopping Celery Worker service ...
[2022-07-28 08:48:56,602: INFO   ] Starting Celery Beat service ...
[2022-07-28 08:48:56,602: INFO   ] cwd: C:\inetpub\sites\edu-dev.coko38.ru\edu
[2022-07-28 08:48:56,602: INFO   ] command: "C:\inetpub\sites\edu-dev.coko38.ru\venv\Scripts\celery.exe" -A config beat -l info --pidfile=
[2022-07-28 08:48:56,617: INFO   ] pid: 7624
[2022-07-28 08:49:03,330: INFO   ] Starting Celery Worker service ...
[2022-07-28 08:49:03,330: INFO   ] cwd: C:\inetpub\sites\edu-dev.coko38.ru\edu
[2022-07-28 08:49:03,330: INFO   ] command: "C:\inetpub\sites\edu-dev.coko38.ru\venv\Scripts\celery.exe" -A config worker -f "C:\inetpub\sites\edu-dev.coko38.ru\edu\celery.log" -l info -P eventlet
[2022-07-28 08:49:03,362: INFO   ] pid: 7732
[2022-08-05 04:32:16,793: INFO   ] Starting Celery Beat service ...
[2022-08-05 04:32:16,793: INFO   ] cwd: C:\inetpub\sites\edu-dev.coko38.ru\edu
[2022-08-05 04:32:16,793: INFO   ] command: "C:\inetpub\sites\edu-dev.coko38.ru\venv\Scripts\celery.exe" -A config beat -l info --pidfile=
[2022-08-05 04:32:16,793: INFO   ] pid: 6096
[2022-08-05 04:32:29,544: INFO   ] Starting Celery Worker service ...
[2022-08-05 04:32:29,544: INFO   ] cwd: C:\inetpub\sites\edu-dev.coko38.ru\edu
[2022-08-05 04:32:29,544: INFO   ] command: "C:\inetpub\sites\edu-dev.coko38.ru\venv\Scripts\celery.exe" -A config worker -f "C:\inetpub\sites\edu-dev.coko38.ru\edu\celery.log" -l info -P eventlet
[2022-08-05 04:32:29,653: INFO   ] pid: 6388
[2022-08-08 14:42:50,478: INFO   ] Starting Celery Beat service ...
[2022-08-08 14:42:50,478: INFO   ] cwd: C:\inetpub\sites\edu-dev.coko38.ru\edu
[2022-08-08 14:42:50,478: INFO   ] command: "C:\inetpub\sites\edu-dev.coko38.ru\venv\Scripts\celery.exe" -A config beat -l info --pidfile=
[2022-08-08 14:42:50,478: INFO   ] pid: 6252
[2022-08-08 14:43:03,348: INFO   ] Starting Celery Worker service ...
[2022-08-08 14:43:03,348: INFO   ] cwd: C:\inetpub\sites\edu-dev.coko38.ru\edu
[2022-08-08 14:43:03,348: INFO   ] command: "C:\inetpub\sites\edu-dev.coko38.ru\venv\Scripts\celery.exe" -A config worker -f "C:\inetpub\sites\edu-dev.coko38.ru\edu\celery.log" -l info -P eventlet
[2022-08-08 14:43:03,426: INFO   ] pid: 6696
[2022-08-08 14:49:46,285: INFO   ] Starting Celery Beat service ...
[2022-08-08 14:49:46,285: INFO   ] cwd: C:\inetpub\sites\edu-dev.coko38.ru\edu
[2022-08-08 14:49:46,285: INFO   ] command: "C:\inetpub\sites\edu-dev.coko38.ru\venv\Scripts\celery.exe" -A config beat -l info --pidfile=
[2022-08-08 14:49:46,457: INFO   ] pid: 6592
[2022-08-08 14:49:59,103: INFO   ] Starting Celery Worker service ...
[2022-08-08 14:49:59,103: INFO   ] cwd: C:\inetpub\sites\edu-dev.coko38.ru\edu
[2022-08-08 14:49:59,103: INFO   ] command: "C:\inetpub\sites\edu-dev.coko38.ru\venv\Scripts\celery.exe" -A config worker -f "C:\inetpub\sites\edu-dev.coko38.ru\edu\celery.log" -l info -P eventlet
[2022-08-08 14:49:59,134: INFO   ] pid: 6896
